<?xml version="1.0" encoding="UTF-8"?>
<!-- Generated by org.testng.reporters.JUnitReportReporter -->
<testsuite skipped="0" hostname="DESKTOP-FCJ5F6U" name="WayToAutomation.HandlingMultipleWindows" tests="1" failures="0" timestamp="2019-11-08T23:30:31 EST" time="60.012" errors="0">
  <testcase name="VerifyBuyNowTitle" time="60.012" classname="WayToAutomation.HandlingMultipleWindows"/>
</testsuite> <!-- WayToAutomation.HandlingMultipleWindows -->
